<?xml version="1.0" encoding="UTF-8"?>
<!-- Generated by org.testng.reporters.JUnitReportReporter -->
<testsuite hostname="DESKTOP-D6VBTLG" name="Tests.Tc_1" tests="1" failures="0" timestamp="7 Nov 2019 10:22:06 GMT" time="20.883" errors="0">
  <testcase name="Tc1" time="20.883" classname="Tests.Tc_1"/>
</testsuite> <!-- Tests.Tc_1 -->
